# Ensure build layout
# Check configuration tokens
# Preparing build
# Check requirements for android
# Search for Git (git)
#  -> found at /usr/bin/git
# Search for Cython (cython)
#  -> found at /usr/local/bin/cython
# Search for Java compiler (javac)
#  -> found at /usr/bin/javac
# Search for Java keytool (keytool)
#  -> found at /usr/bin/keytool
# Install platform
# Run 'git config --get remote.origin.url' ...
# Cwd /mnt/e/桌面/zd/floatmask_py/.buildozer/android/platform/python-for-android
https://github.com/kivy/python-for-android.git
# Run 'git branch -vv' ...
# Cwd /mnt/e/桌面/zd/floatmask_py/.buildozer/android/platform/python-for-android
* master 58d2114 [origin/master] Merge pull request #3321 from kivy/release-2026.05.09
# Run '/usr/bin/python3 -m pip install -q --user appdirs colorama>=0.3.3 jinja2 sh>=2, <3.0; sys_platform!="win32" meson ninja build toml packaging setuptools wheel~=0.43.0' ...
# Cwd None
WARNING: Running pip as the 'root' user can result in broken permissions and conflicting behaviour with the system package manager. It is recommended to use a virtual environment instead: https://pip.pypa.io/warnings/venv
# Apache ANT found at /root/.buildozer/android/platform/apache-ant-1.9.4
# Android SDK found at /root/.buildozer/android/platform/android-sdk
# Recommended android's NDK version by p4a is: 28c
# Android NDK found at /root/.buildozer/android/platform/android-ndk-r28c
# Run '/usr/bin/python3 -m pythonforandroid.toolchain aab -h --color=always --storage-dir=/mnt/e/桌面/zd/floatmask_py/.buildozer/android/platform/build-arm64-v8a --ndk-api=23 --ignore-setup-py --debug' ...
# Cwd /mnt/e/桌面/zd/floatmask_py/.buildozer/android/platform/python-for-android
# Check application requirements
# Compile platform
# Run '/usr/bin/python3 -m pythonforandroid.toolchain create --dist_name=floatmask --bootstrap=sdl2 --requirements=python3,kivy,pyjnius,android --arch=arm64-v8a --copy-libs --color=always --storage-dir=/mnt/e/桌面/zd/floatmask_py/.buildozer/android/platform/build-arm64-v8a --ndk-api=23 --ignore-setup-py --debug' ...
# Cwd /mnt/e/桌面/zd/floatmask_py/.buildozer/android/platform/python-for-android
[WARNING]: prerequisites.py is experimental and does not support all prerequisites yet.
[WARNING]: Please report any issues to the python-for-android issue tracker.
[WARNING]: prerequisites.py is experimental and does not support all prerequisites yet.
[WARNING]: Please report any issues to the python-for-android issue tracker.
[1m[INFO][0m:    Will compile for the following archs: arm64-v8a
[1m[INFO][0m:    Found Android API target in $ANDROIDAPI: 33
[1m[INFO][0m:    Available Android APIs are (32, 33, 34, 35)
[1m[INFO][0m:    Requested API target 33 is available, continuing.
[1m[INFO][0m:    Found NDK dir in $ANDROIDNDK: /root/.buildozer/android/platform/android-ndk-r28c
[1m[INFO][0m:    Found NDK version 28c
[1m[31m[WARNING][39m[0m: Maximum recommended NDK version is 28c, but newer versions may work.
[1m[31m[WARNING][39m[0m: Newer NDKs may not be fully supported by p4a.
[1m[INFO][0m:    Getting NDK API version (i.e. minimum supported API) from user argument
[1m[INFO][0m:    ccache is missing, the build will not be optimized in the future.
[1m[90m[DEBUG][39m[0m:   All possible dists: [<Distribution: name floatmask with recipes (hostpython3, libffi, openssl, sdl2_image, sdl2_mixer, sdl2_ttf, sqlite3, python3, sdl2, pyjnius, setuptools, android, kivy, urllib3, requests, certifi, chardet, filetype, six, idna)>]
[1m[90m[DEBUG][39m[0m:   Dist matching name and arch: [<Distribution: name floatmask with recipes (hostpython3, libffi, openssl, sdl2_image, sdl2_mixer, sdl2_ttf, sqlite3, python3, sdl2, pyjnius, setuptools, android, kivy, urllib3, requests, certifi, chardet, filetype, six, idna)>]
[1m[90m[DEBUG][39m[0m:   Dist matching ndk_api and recipe: [<Distribution: name floatmask with recipes (hostpython3, libffi, openssl, sdl2_image, sdl2_mixer, sdl2_ttf, sqlite3, python3, sdl2, pyjnius, setuptools, android, kivy, urllib3, requests, certifi, chardet, filetype, six, idna)>]
[1m[INFO][0m:    Of the existing distributions, the following meet the given requirements:
[1m[INFO][0m:    	[32m[1mfloatmask[0m: min API 23, includes recipes ([32mhostpython3, libffi, openssl, sdl2_image, sdl2_mixer, sdl2_ttf, sqlite3, python3, sdl2, pyjnius, setuptools, android, kivy, urllib3, requests, certifi, chardet, filetype, six, idna[0m), built for archs ([34marm64-v8a[0m)
[1m[INFO][0m:    [1m[94mfloatmask has compatible recipes, using this one[0m
# Build the application #5
# Copy application source from /mnt/e/桌面/zd/floatmask_py
# Remove directory and subdirectory /mnt/e/桌面/zd/floatmask_py/.buildozer/android/app
# Create directory /mnt/e/桌面/zd/floatmask_py/.buildozer/android/app
# Copy /mnt/e/桌面/zd/floatmask_py/constants.py to /mnt/e/桌面/zd/floatmask_py/.buildozer/android/app/constants.py
# Copy /mnt/e/桌面/zd/floatmask_py/copy_cache.py to /mnt/e/桌面/zd/floatmask_py/.buildozer/android/app/copy_cache.py
# Copy /mnt/e/桌面/zd/floatmask_py/edge_snap.py to /mnt/e/桌面/zd/floatmask_py/.buildozer/android/app/edge_snap.py
# Copy /mnt/e/桌面/zd/floatmask_py/gesture_handler.py to /mnt/e/桌面/zd/floatmask_py/.buildozer/android/app/gesture_handler.py
# Copy /mnt/e/桌面/zd/floatmask_py/keep_alive.py to /mnt/e/桌面/zd/floatmask_py/.buildozer/android/app/keep_alive.py
# Copy /mnt/e/桌面/zd/floatmask_py/main.py to /mnt/e/桌面/zd/floatmask_py/.buildozer/android/app/main.py
# Copy /mnt/e/桌面/zd/floatmask_py/notification_helper.py to /mnt/e/桌面/zd/floatmask_py/.buildozer/android/app/notification_helper.py
# Copy /mnt/e/桌面/zd/floatmask_py/overlay.py to /mnt/e/桌面/zd/floatmask_py/.buildozer/android/app/overlay.py
# Copy /mnt/e/桌面/zd/floatmask_py/patch_p4a.py to /mnt/e/桌面/zd/floatmask_py/.buildozer/android/app/patch_p4a.py
# Copy /mnt/e/桌面/zd/floatmask_py/permissions.py to /mnt/e/桌面/zd/floatmask_py/.buildozer/android/app/permissions.py
# Copy /mnt/e/桌面/zd/floatmask_py/preferences.py to /mnt/e/桌面/zd/floatmask_py/.buildozer/android/app/preferences.py
# Copy /mnt/e/桌面/zd/floatmask_py/screenshot.png to /mnt/e/桌面/zd/floatmask_py/.buildozer/android/app/screenshot.png
# Create directory /mnt/e/桌面/zd/floatmask_py/.buildozer/android/app/android/res/values
# Copy /mnt/e/桌面/zd/floatmask_py/android/res/values/themes.xml to /mnt/e/桌面/zd/floatmask_py/.buildozer/android/app/android/res/values/themes.xml
# Create directory /mnt/e/桌面/zd/floatmask_py/.buildozer/android/app/services
# Copy /mnt/e/桌面/zd/floatmask_py/services/overlay_service.py to /mnt/e/桌面/zd/floatmask_py/.buildozer/android/app/services/overlay_service.py
# copy /mnt/e/桌面/zd/floatmask_py/.buildozer/applibs to /mnt/e/桌面/zd/floatmask_py/.buildozer/android/app/_applibs
# Copy /usr/local/lib/python3.12/dist-packages/buildozer/sitecustomize.py to /mnt/e/桌面/zd/floatmask_py/.buildozer/android/app/sitecustomize.py
# Package the application
# project.properties updated
# Run '/usr/bin/python3 -m pythonforandroid.toolchain apk --bootstrap sdl2 --dist_name floatmask --name FloatMask --version 1.0 --package com.floatmask.floatmask --minsdk 23 --ndk-api 23 --private /mnt/e/桌面/zd/floatmask_py/.buildozer/android/app --permission SYSTEM_ALERT_WINDOW --permission FOREGROUND_SERVICE --permission WAKE_LOCK --permission RECEIVE_BOOT_COMPLETED --android-entrypoint org.kivy.android.PythonActivity --android-apptheme @android:style/Theme.NoTitleBar --orientation portrait --window --enable-androidx --service overlay_service:services/overlay_service.py:foreground:sticky:foregroundServiceType=dataSync --copy-libs --arch arm64-v8a --color=always --storage-dir=/mnt/e/桌面/zd/floatmask_py/.buildozer/android/platform/build-arm64-v8a --ndk-api=23 --ignore-setup-py --debug' ...
# Cwd /mnt/e/桌面/zd/floatmask_py/.buildozer/android/platform/python-for-android
[WARNING]: prerequisites.py is experimental and does not support all prerequisites yet.
[WARNING]: Please report any issues to the python-for-android issue tracker.
[WARNING]: prerequisites.py is experimental and does not support all prerequisites yet.
[WARNING]: Please report any issues to the python-for-android issue tracker.
[1m[INFO][0m:    Will compile for the following archs: arm64-v8a
[1m[INFO][0m:    Found Android API target in $ANDROIDAPI: 33
[1m[INFO][0m:    Available Android APIs are (32, 33, 34, 35)
[1m[INFO][0m:    Requested API target 33 is available, continuing.
[1m[INFO][0m:    Found NDK dir in $ANDROIDNDK: /root/.buildozer/android/platform/android-ndk-r28c
[1m[INFO][0m:    Found NDK version 28c
[1m[31m[WARNING][39m[0m: Maximum recommended NDK version is 28c, but newer versions may work.
[1m[31m[WARNING][39m[0m: Newer NDKs may not be fully supported by p4a.
[1m[INFO][0m:    Getting NDK API version (i.e. minimum supported API) from user argument
[1m[INFO][0m:    ccache is missing, the build will not be optimized in the future.
[1m[90m[DEBUG][39m[0m:   All possible dists: [<Distribution: name floatmask with recipes (hostpython3, libffi, openssl, sdl2_image, sdl2_mixer, sdl2_ttf, sqlite3, python3, sdl2, pyjnius, setuptools, android, kivy, urllib3, requests, certifi, chardet, filetype, six, idna)>]
[1m[90m[DEBUG][39m[0m:   Dist matching name and arch: [<Distribution: name floatmask with recipes (hostpython3, libffi, openssl, sdl2_image, sdl2_mixer, sdl2_ttf, sqlite3, python3, sdl2, pyjnius, setuptools, android, kivy, urllib3, requests, certifi, chardet, filetype, six, idna)>]
[1m[90m[DEBUG][39m[0m:   Dist matching ndk_api and recipe: [<Distribution: name floatmask with recipes (hostpython3, libffi, openssl, sdl2_image, sdl2_mixer, sdl2_ttf, sqlite3, python3, sdl2, pyjnius, setuptools, android, kivy, urllib3, requests, certifi, chardet, filetype, six, idna)>]
[1m[INFO][0m:    Of the existing distributions, the following meet the given requirements:
[1m[INFO][0m:    	[32m[1mfloatmask[0m: min API 23, includes recipes ([32mhostpython3, libffi, openssl, sdl2_image, sdl2_mixer, sdl2_ttf, sqlite3, python3, sdl2, pyjnius, setuptools, android, kivy, urllib3, requests, certifi, chardet, filetype, six, idna[0m), built for archs ([34marm64-v8a[0m)
[1m[INFO][0m:    [1m[94mfloatmask has compatible recipes, using this one[0m
[1m[90m[DEBUG][39m[0m:   All possible dists: [<Distribution: name floatmask with recipes (hostpython3, libffi, openssl, sdl2_image, sdl2_mixer, sdl2_ttf, sqlite3, python3, sdl2, pyjnius, setuptools, android, kivy, urllib3, requests, certifi, chardet, filetype, six, idna)>]
[1m[90m[DEBUG][39m[0m:   Dist matching name and arch: [<Distribution: name floatmask with recipes (hostpython3, libffi, openssl, sdl2_image, sdl2_mixer, sdl2_ttf, sqlite3, python3, sdl2, pyjnius, setuptools, android, kivy, urllib3, requests, certifi, chardet, filetype, six, idna)>]
[1m[90m[DEBUG][39m[0m:   Dist matching ndk_api and recipe: [<Distribution: name floatmask with recipes (hostpython3, libffi, openssl, sdl2_image, sdl2_mixer, sdl2_ttf, sqlite3, python3, sdl2, pyjnius, setuptools, android, kivy, urllib3, requests, certifi, chardet, filetype, six, idna)>]
[1m[INFO][0m:    Of the existing distributions, the following meet the given requirements:
[1m[INFO][0m:    	[32m[1mfloatmask[0m: min API 23, includes recipes ([32mhostpython3, libffi, openssl, sdl2_image, sdl2_mixer, sdl2_ttf, sqlite3, python3, sdl2, pyjnius, setuptools, android, kivy, urllib3, requests, certifi, chardet, filetype, six, idna[0m), built for archs ([34marm64-v8a[0m)
[1m[INFO][0m:    [1m[94mfloatmask has compatible recipes, using this one[0m
[1m[INFO][0m:    [36m-> directory context /mnt/e/桌面/zd/floatmask_py/.buildozer/android/platform/build-arm64-v8a/build/bootstrap_builds/sdl2[39m
[1m[INFO][0m:    [36m<- directory context /mnt/e/桌面/zd/floatmask_py/.buildozer/android/platform/python-for-android[39m
[1m[INFO][0m:    [36m-> directory context /mnt/e/桌面/zd/floatmask_py/.buildozer/android/platform/build-arm64-v8a/dists/floatmask[39m
[1m[90m[DEBUG][39m[0m:   Remove directory and subdirectory src/main/assets
[1m[90m[DEBUG][39m[0m:   Create directory src/main/assets
Compiling '/mnt/e/桌面/zd/floatmask_py/.buildozer/android/app/constants.py'...
Compiling '/mnt/e/桌面/zd/floatmask_py/.buildozer/android/app/copy_cache.py'...
Compiling '/mnt/e/桌面/zd/floatmask_py/.buildozer/android/app/edge_snap.py'...
Compiling '/mnt/e/桌面/zd/floatmask_py/.buildozer/android/app/gesture_handler.py'...
Compiling '/mnt/e/桌面/zd/floatmask_py/.buildozer/android/app/keep_alive.py'...
Compiling '/mnt/e/桌面/zd/floatmask_py/.buildozer/android/app/main.py'...
Compiling '/mnt/e/桌面/zd/floatmask_py/.buildozer/android/app/notification_helper.py'...
Compiling '/mnt/e/桌面/zd/floatmask_py/.buildozer/android/app/overlay.py'...
Compiling '/mnt/e/桌面/zd/floatmask_py/.buildozer/android/app/patch_p4a.py'...
Compiling '/mnt/e/桌面/zd/floatmask_py/.buildozer/android/app/permissions.py'...
Compiling '/mnt/e/桌面/zd/floatmask_py/.buildozer/android/app/preferences.py'...
Compiling '/mnt/e/桌面/zd/floatmask_py/.buildozer/android/app/sitecustomize.py'...
Compiling '/mnt/e/桌面/zd/floatmask_py/.buildozer/android/app/services/overlay_service.py'...
[1m[90m[DEBUG][39m[0m:   Remove directory and subdirectory /tmp/p4a-extra-env-3g_k28tc
[1m[90m[DEBUG][39m[0m:   Remove directory and subdirectory src/main/res
[1m[INFO][0m:    Detected highest available build tools version to be 37.0.0
[1m[90m[DEBUG][39m[0m:   [90m->[0m running gradlew clean assembleDebug[0m
[1m[90m[DEBUG][39m[0m:   	Starting a Gradle Daemon (subsequent builds will be faster)
[1m[90m[DEBUG][39m[0m:   	
[1m[90m[DEBUG][39m[0m:   	
[1m[90m[DEBUG][39m[0m:   	[2A[1B[1m> Starting Daemon[m[17D[1B[1A> IDLE[0K[6D[1B[2A[1m<[0;1m-------------> 0% INITIALIZING [97ms][m[38D[2B[2A[1m<[0;1m-------------> 0% INITIALIZING [197ms][m[39D[2B[2A[1m<[0;1m-------------> 0% INITIALIZING [297ms][m[39D[2B[2A[1m<[0;1m-------------> 0% INITIALIZING [397ms][m[39D[2B[2A[1m<[0;1m-------------> 0% INITIALIZING [497ms][m[39D[2B[2A[1m<[0;1m-------------> 0% INITIALIZING [597ms][m[39D[2B[2A[1m<[0;1m-------------> 0% INITIALIZING [697ms][m[39D[2B[2A[1m<[0;1m-------------> 0% INITIALIZING [796ms][m[39D[2B[2A[1m<[0;1m-------------> 0% INITIALIZING [896ms][m[39D[2B[2A[1m<[0;1m-------------> 0% INITIALIZING [997ms][m[39D[1B[1m> Evaluating settings[m[21D[1B[2A[1m<[0;1m-------------> 0% INITIALIZING [1s][m[0K[36D[2B[2A[1m<[0;1m-------------> 0% CONFIGURING [1s][m[0K[35D[1B[1m> Loading projects[m[0K[18D[1B[1A[1m> root project[m[0K[14D[1B[2A[1m<[0;1m-------------> 0% CONFIGURING [2s][m[35D[2B[1A[1m> root project > Resolve dependencies of classpath[m[50D[1B[2A[1m<[0;1m-------------> 0% CONFIGURING [3s][m[35D[2B[1A[1m> root project > Resolve files of configuration 'classpath'[m[59D[1B[1A[1m> root project > Resolve files of configuration 'classpath' > Resolve files of [m[79D[1B[1A[1m> root project > Resolve files of configuration 'classpath'[m[0K[59D[1B[1A[1m> root project[m[0K[14D[1B[2A[1m<[0;1m-------------> 0% CONFIGURING [4s][m[35D[2B[2A[1m<[0;1m-------------> 0% CONFIGURING [5s][m[35D[2B[2A[1m<[0;1m-------------> 0% CONFIGURING [6s][m[35D[2B[2A[1m<[0;32;1m=============[0;39;1m> 100% CONFIGURING [6s][m[37D[1B> IDLE[0K[6D[1B[2A[1m<[0;32;1m=============[0;39;1m> 100% CONFIGURING [7s][m[37D[2B[2A[1m<[0;1m-------------> 0% EXECUTING [7s][m[0K[33D[1B[1m> :clean[m[8D[1B[2A[1m<[0;1m-------------> 0% EXECUTING [8s][m[33D[2B[2A[1m<[0;1m-------------> 0% EXECUTING [9s][m[33D[2B[2A[1m<[0;1m-------------> 0% EXECUTING [10s][m[34D[2B[2A[1m<[0;1m-------------> 0% EXECUTING [11s][m[34D[2B[2A[1m<[0;1m-------------> 0% EXECUTING [12s][m[34D[2B[2A[1m<[0;1m-------------> 0% EXECUTING [13s][m[34D[2B[2A[1m<[0;1m-------------> 0% EXECUTING [14s][m[34D[2B[2A[1m<[0;32;1m=[0;39;1m------------> 9% EXECUTING [14s][m[34D[1B[1m> :javaPreCompileDebug[m[22D[1B
[1m[90m[DEBUG][39m[0m:   	[1A[1m> :checkDebugAarMetadata[m[24D[1B[3A[1m<[0;32;1m==[0;39;1m-----------> 17% EXECUTING [14s][m[35D[1B> IDLE[0K[6D[1B[1m> :mapDebugSourceSetPaths[m[25D[1B[3A[1m<[0;32;1m==[0;39;1m-----------> 19% EXECUTING [14s][m[35D[2B[1m> :generateDebugResources[m[25D[1B[3A[1m<[0;32;1m==[0;39;1m-----------> 21% EXECUTING [14s][m[35D[2B[1m> :mergeDebugResources[m[0K[22D[1B[3A[1m<[0;32;1m==[0;39;1m-----------> 21% EXECUTING [15s][m[35D[3B[2A[1m> :packageDebugResources[m[24D[2B[3A[1m<[0;32;1m===[0;39;1m----------> 24% EXECUTING [15s][m[35D[2B> IDLE[0K[6D[1B[3A[1m<[0;32;1m===[0;39;1m----------> 26% EXECUTING [16s][m[35D[1B[1m> :parseDebugLocalResources > Resolve dependencies of :androidApis[m[66D[2B[2A[1m> :parseDebugLocalResources > Resolve files of configuration ':androidApis'[m[75D[2B[3A[1m<[0;32;1m===[0;39;1m----------> 29% EXECUTING [16s][m[35D[1B[1m> :parseDebugLocalResources[m[0K[27D[1B[1m> :extractDeepLinksDebug[m[24D[1B[3A[1m<[0;32;1m====[0;39;1m---------> 31% EXECUTING [16s][m[35D[2B[1m> :processDebugMainManifest[m[27D[1B[3A[0K
[1m[90m[DEBUG][39m[0m:   	[1m> Task :processDebugMainManifest[m
[1m[90m[DEBUG][39m[0m:   	/mnt/e/桌面/zd/floatmask_py/.buildozer/android/platform/build-arm64-v8a/dists/floatmask/src/main/AndroidManifest.xml:61:18-50 Warning:
[1m[90m[DEBUG][39m[0m:   	        android:extractNativeLibs should not be specified in this source AndroidManifest.xml file. See https://d.android.com/guide/topics/manifest/application-element#extractNativeLibs for more information.
[1m[90m[DEBUG][39m[0m:   	The AGP Upgrade Assistant can remove the attribute from the AndroidManifest.xml file and update the build file accordingly. See https://d.android.com/studio/build/agp-upgrade-assistant for more information.
[1m[90m[DEBUG][39m[0m:   	[0K
[1m[90m[DEBUG][39m[0m:   	[0K
[1m[90m[DEBUG][39m[0m:   	[0K
[1m[90m[DEBUG][39m[0m:   	[3A[1m<[0;32;1m====[0;39;1m---------> 36% EXECUTING [16s][m[35D[1B> IDLE[6D[1B[1m> :processDebugManifest[m[23D[1B[3A[1m<[0;32;1m====[0;39;1m---------> 36% EXECUTING [17s][m[35D[3B[3A[1m<[0;32;1m=====[0;39;1m--------> 39% EXECUTING [17s][m[35D[2B[1m> :processDebugManifestForPackage[m[33D[1B[3A[1m<[0;32;1m=====[0;39;1m--------> 41% EXECUTING [17s][m[35D[1B[1m> :compileDebugShaders[m[22D[2B[3A[1m<[0;32;1m======[0;39;1m-------> 46% EXECUTING [17s][m[35D[1B[1m> :mergeDebugAssets[m[0K[19D[2B
[1m[90m[DEBUG][39m[0m:   	[4A[1m<[0;32;1m======[0;39;1m-------> 48% EXECUTING [17s][m[35D[1B[1m> :compressDebugAssets[m[0K[22D[2B[1m> :processDebugJavaRes[m[22D[1B[4A[1m<[0;32;1m=======[0;39;1m------> 56% EXECUTING [17s][m[35D[1B[1m> :desugarDebugFileDependencies[m[31D[2B[1m> :mergeDebugJavaResource[m[25D[1B[4A[1m<[0;32;1m========[0;39;1m-----> 63% EXECUTING [17s][m[35D[1B[1m> :mergeLibDexDebug[m[0K[19D[2B[1m> :mergeDebugJniLibFolders[m[26D[1B[4A[1m<[0;32;1m========[0;39;1m-----> 65% EXECUTING [17s][m[35D[1B> IDLE[0K[6D[3B[4A[1m<[0;32;1m========[0;39;1m-----> 65% EXECUTING [18s][m[35D[4B[4A[1m<[0;32;1m========[0;39;1m-----> 68% EXECUTING [18s][m[35D[3B[1m> :mergeDebugNativeLibs[m[0K[23D[1B[4A[1m<[0;32;1m========[0;39;1m-----> 68% EXECUTING [19s][m[35D[4B[3A[1m> :validateSigningDebug[m[23D[3B[4A[1m<[0;32;1m=========[0;39;1m----> 73% EXECUTING [19s][m[35D[1B[1m> :writeDebugSigningConfigVersions[m[34D[3B[4A[1m<[0;32;1m==========[0;39;1m---> 78% EXECUTING [19s][m[35D[1B> IDLE[0K[6D[1B[1m> :processDebugResources[m[0K[24D[2B[4A[1m<[0;32;1m==========[0;39;1m---> 78% EXECUTING [20s][m[35D[4B[4A[1m<[0;32;1m==========[0;39;1m---> 78% EXECUTING [21s][m[35D[4B[4A[1m<[0;32;1m==========[0;39;1m---> 80% EXECUTING [21s][m[35D[3B[1m> :stripDebugDebugSymbols[m[25D[1B[4A[1m<[0;32;1m==========[0;39;1m---> 80% EXECUTING [22s][m[35D[4B[4A[1m<[0;32;1m==========[0;39;1m---> 80% EXECUTING [23s][m[35D[4B[4A[1m<[0;32;1m==========[0;39;1m---> 82% EXECUTING [23s][m[35D[3B> IDLE[0K[6D[1B[4A[1m<[0;32;1m==========[0;39;1m---> 82% EXECUTING [24s][m[35D[4B[4A[1m<[0;32;1m===========[0;39;1m--> 85% EXECUTING [25s][m[35D[2B[1m> :compileDebugJavaWithJavac[m[28D[2B[4A[1m<[0;32;1m===========[0;39;1m--> 85% EXECUTING [26s][m[35D[4B[4A[1m<[0;32;1m===========[0;39;1m--> 85% EXECUTING [27s][m[35D[4B[4A[1m<[0;32;1m===========[0;39;1m--> 85% EXECUTING [28s][m[35D[4B[4A[1m<[0;32;1m===========[0;39;1m--> 85% EXECUTING [29s][m[35D[4B[4A[1m<[0;32;1m===========[0;39;1m--> 85% EXECUTING [30s][m[35D[4B[4A[0K
[1m[90m[DEBUG][39m[0m:   	[1m> Task :compileDebugJavaWithJavac[m
[1m[90m[DEBUG][39m[0m:   	Note: Some input files use or override a deprecated API.
[1m[90m[DEBUG][39m[0m:   	Note: Recompile with -Xlint:deprecation for details.
[1m[90m[DEBUG][39m[0m:   	[0K
[1m[90m[DEBUG][39m[0m:   	[0K
[1m[90m[DEBUG][39m[0m:   	[0K
[1m[90m[DEBUG][39m[0m:   	[0K
[1m[90m[DEBUG][39m[0m:   	[4A[1m<[0;32;1m===========[0;39;1m--> 85% EXECUTING [30s][m[35D[1B> IDLE[6D[1B[1m> :compileDebugJavaWithJavac[m[28D[1B> IDLE[6D[1B[4A[1m<[0;32;1m===========[0;39;1m--> 85% EXECUTING [31s][m[35D[4B[4A[1m<[0;32;1m===========[0;39;1m--> 87% EXECUTING [31s][m[35D[2B[1m> :dexBuilderDebug[m[0K[18D[2B[4A[1m<[0;32;1m===========[0;39;1m--> 87% EXECUTING [32s][m[35D[4B[4A[1m<[0;32;1m===========[0;39;1m--> 87% EXECUTING [33s][m[35D[4B[4A[1m<[0;32;1m===========[0;39;1m--> 87% EXECUTING [34s][m[35D[4B[4A[1m<[0;32;1m===========[0;39;1m--> 87% EXECUTING [35s][m[35D[4B[4A[1m<[0;32;1m===========[0;39;1m--> 90% EXECUTING [35s][m[35D[2B[1m> :mergeProjectDexDebug[m[23D[2B[4A[1m<[0;32;1m============[0;39;1m-> 92% EXECUTING [35s][m[35D[2B[1m> :packageDebug[m[0K[15D[2B[4A[1m<[0;32;1m============[0;39;1m-> 92% EXECUTING [36s][m[35D[4B[4A[1m<[0;32;1m============[0;39;1m-> 92% EXECUTING [37s][m[35D[4B[4A[1m<[0;32;1m============[0;39;1m-> 92% EXECUTING [38s][m[35D[4B[4A[1m<[0;32;1m============[0;39;1m-> 92% EXECUTING [39s][m[35D[4B[4A[1m<[0;32;1m============[0;39;1m-> 92% EXECUTING [40s][m[35D[4B[4A[1m<[0;32;1m============[0;39;1m-> 92% EXECUTING [41s][m[35D[4B[4A[1m<[0;32;1m============[0;39;1m-> 92% EXECUTING [42s][m[35D[4B[4A[1m<[0;32;1m============[0;39;1m-> 92% EXECUTING [43s][m[35D[4B[4A[1m<[0;32;1m=============[0;39;1m> 100% EXECUTING [43s][m[36D[2B> IDLE[0K[6D[2B[4A[0K
[1m[90m[DEBUG][39m[0m:   	[Incubating] Problems report is available at: file:///mnt/e/%E6%A1%8C%E9%9D%A2/zd/floatmask_py/.buildozer/android/platform/build-arm64-v8a/dists/floatmask/build/reports/problems/problems-report.html
[1m[90m[DEBUG][39m[0m:   	
[1m[90m[DEBUG][39m[0m:   	Deprecated Gradle features were used in this build, making it incompatible with Gradle 9.0.
[1m[90m[DEBUG][39m[0m:   	
[1m[90m[DEBUG][39m[0m:   	You can use '--warning-mode all' to show the individual deprecation warnings and determine if they come from your own scripts or plugins.
[1m[90m[DEBUG][39m[0m:   	
[1m[90m[DEBUG][39m[0m:   	For more on this, please refer to https://docs.gradle.org/8.14.3/userguide/command_line_interface.html#sec:command_line_warnings in the Gradle documentation.
[1m[90m[DEBUG][39m[0m:   	
[1m[90m[DEBUG][39m[0m:   	[32;1mBUILD SUCCESSFUL[0;39m in 46s
[1m[90m[DEBUG][39m[0m:   	34 actionable tasks: 34 executed
[1m[90m[DEBUG][39m[0m:   	[0K
[1m[90m[DEBUG][39m[0m:   	[0K
[1m[90m[DEBUG][39m[0m:   	[0K
[1m[90m[DEBUG][39m[0m:   	[0K
[1m[90m[DEBUG][39m[0m:   	[4A[1m<[0;1m-------------> 0% WAITING[m[26D[1B> IDLE[6D[1B> IDLE[6D[1B> IDLE[6D[1B[4A[2K[1B[2K[1B[2K[1B[2K[3A[0m[34h[?25h
[1m[INFO][0m:    [36m<- directory context /mnt/e/桌面/zd/floatmask_py/.buildozer/android/platform/python-for-android[39m
[1m[90m[DEBUG][39m[0m:   All possible dists: [<Distribution: name floatmask with recipes (hostpython3, libffi, openssl, sdl2_image, sdl2_mixer, sdl2_ttf, sqlite3, python3, sdl2, pyjnius, setuptools, android, kivy, urllib3, requests, certifi, chardet, filetype, six, idna)>]
[1m[90m[DEBUG][39m[0m:   Dist matching name and arch: [<Distribution: name floatmask with recipes (hostpython3, libffi, openssl, sdl2_image, sdl2_mixer, sdl2_ttf, sqlite3, python3, sdl2, pyjnius, setuptools, android, kivy, urllib3, requests, certifi, chardet, filetype, six, idna)>]
[1m[90m[DEBUG][39m[0m:   Dist matching ndk_api and recipe: [<Distribution: name floatmask with recipes (hostpython3, libffi, openssl, sdl2_image, sdl2_mixer, sdl2_ttf, sqlite3, python3, sdl2, pyjnius, setuptools, android, kivy, urllib3, requests, certifi, chardet, filetype, six, idna)>]
[1m[INFO][0m:    Of the existing distributions, the following meet the given requirements:
[1m[INFO][0m:    	[32m[1mfloatmask[0m: min API 23, includes recipes ([32mhostpython3, libffi, openssl, sdl2_image, sdl2_mixer, sdl2_ttf, sqlite3, python3, sdl2, pyjnius, setuptools, android, kivy, urllib3, requests, certifi, chardet, filetype, six, idna[0m), built for archs ([34marm64-v8a[0m)
[1m[INFO][0m:    [1m[94mfloatmask has compatible recipes, using this one[0m
[1m[INFO][0m:    [1m[32m# Copying android package to current directory[0m[39m
[1m[INFO][0m:    [1m[32m# Android package filename not found in build output. Guessing...[0m[39m
[1m[INFO][0m:    [1m[32m# Found android package file: /mnt/e/桌面/zd/floatmask_py/.buildozer/android/platform/build-arm64-v8a/dists/floatmask/build/outputs/apk/debug/floatmask-debug.apk[0m[39m
[1m[INFO][0m:    # Add version number to android package
[1m[INFO][0m:    # Android package renamed to floatmask-debug-1.0.apk
[1m[90m[DEBUG][39m[0m:   [90m->[0m running cp /mnt/e/桌面/zd/floatmask_py/.buildozer/android/platform/build-arm64-v8a/dists/floatmask/build/outputs/apk/debug/floatmask-debug.apk floatmask-debug-1.0.apk[0m
No setup.py/pyproject.toml used, copying full private data into .apk.
Applying Java source code patches...
Applying patch: src/patches/SDLActivity.java.patch
Warning: failed to apply patch (exit code 1), assuming it is already applied:  src/patches/SDLActivity.java.patch
Applying patch: src/patches/SDLSurface.java.patch
Warning: failed to apply patch (exit code 1), assuming it is already applied:  src/patches/SDLSurface.java.patch
# Copy /mnt/e/桌面/zd/floatmask_py/.buildozer/android/platform/build-arm64-v8a/dists/floatmask/build/outputs/apk/debug/floatmask-debug.apk to /mnt/e/桌面/zd/floatmask_py/bin/floatmask-1.0-arm64-v8a-debug.apk
# Android packaging done!
# APK floatmask-1.0-arm64-v8a-debug.apk available in the bin directory
